2026-04-27 23:32:52 [MainThread] INFO    === HF prices bis pull starting | years=[2021, 2022, 2023, 2024, 2025] | universe=1107 | workers=5 ===
2026-04-27 23:32:54 [ThreadPoolExecutor-0_1] INFO    year 2022: starting 251 days
2026-04-27 23:32:54 [ThreadPoolExecutor-0_4] INFO    year 2025: starting 250 days
2026-04-27 23:32:54 [ThreadPoolExecutor-0_3] INFO    year 2024: starting 252 days
2026-04-27 23:32:54 [ThreadPoolExecutor-0_0] INFO    year 2021: starting 252 days
2026-04-27 23:32:54 [ThreadPoolExecutor-0_2] INFO    year 2023: starting 250 days
2026-04-27 23:35:30 [ThreadPoolExecutor-0_2] DEBUG   year 2023 day 20230103:  267,444 rows | SQL 116.7s | Python 36.2s | total 152.9s
2026-04-27 23:35:30 [ThreadPoolExecutor-0_4] DEBUG   year 2025 day 20250102:  263,534 rows | SQL 135.5s | Python 17.9s | total 153.3s
2026-04-27 23:35:30 [ThreadPoolExecutor-0_1] DEBUG   year 2022 day 20220103:  269,399 rows | SQL 115.3s | Python 38.3s | total 153.6s
2026-04-27 23:35:31 [ThreadPoolExecutor-0_3] DEBUG   year 2024 day 20240102:  267,053 rows | SQL 139.7s | Python 14.9s | total 154.6s
2026-04-27 23:35:31 [ThreadPoolExecutor-0_0] DEBUG   year 2021 day 20210104:  272,136 rows | SQL 128.1s | Python 26.8s | total 154.9s
2026-04-27 23:38:07 [ThreadPoolExecutor-0_4] DEBUG   year 2025 day 20250103:  263,925 rows | SQL 134.7s | Python 19.9s | total 154.6s
2026-04-27 23:38:08 [ThreadPoolExecutor-0_0] DEBUG   year 2021 day 20210105:  271,745 rows | SQL 100.8s | Python 53.8s | total 154.6s
2026-04-27 23:38:08 [ThreadPoolExecutor-0_2] DEBUG   year 2023 day 20230104:  267,835 rows | SQL 118.9s | Python 37.5s | total 156.5s
2026-04-27 23:38:09 [ThreadPoolExecutor-0_1] DEBUG   year 2022 day 20220104:  268,617 rows | SQL 135.8s | Python 21.6s | total 157.4s
2026-04-27 23:38:09 [ThreadPoolExecutor-0_3] DEBUG   year 2024 day 20240103:  267,444 rows | SQL 140.0s | Python 16.8s | total 156.7s
2026-04-27 23:40:53 [ThreadPoolExecutor-0_3] DEBUG   year 2024 day 20240104:  267,835 rows | SQL 122.4s | Python 38.8s | total 161.2s
2026-04-27 23:40:53 [ThreadPoolExecutor-0_2] DEBUG   year 2023 day 20230105:  268,226 rows | SQL 103.9s | Python 57.8s | total 161.7s
2026-04-27 23:40:54 [ThreadPoolExecutor-0_1] DEBUG   year 2022 day 20220105:  269,399 rows | SQL 133.8s | Python 28.8s | total 162.5s
2026-04-27 23:40:54 [ThreadPoolExecutor-0_4] DEBUG   year 2025 day 20250106:  264,316 rows | SQL 149.6s | Python 15.3s | total 164.9s
2026-04-27 23:40:55 [ThreadPoolExecutor-0_0] DEBUG   year 2021 day 20210106:  272,136 rows | SQL 148.0s | Python 17.0s | total 165.1s
2026-04-27 23:43:33 [ThreadPoolExecutor-0_3] DEBUG   year 2024 day 20240105:  267,444 rows | SQL 131.5s | Python 25.5s | total 157.0s
2026-04-27 23:43:33 [ThreadPoolExecutor-0_2] DEBUG   year 2023 day 20230106:  268,226 rows | SQL 114.6s | Python 42.8s | total 157.4s
2026-04-27 23:43:34 [ThreadPoolExecutor-0_1] DEBUG   year 2022 day 20220106:  269,399 rows | SQL 129.6s | Python 27.5s | total 157.1s
2026-04-27 23:43:34 [ThreadPoolExecutor-0_0] DEBUG   year 2021 day 20210107:  271,354 rows | SQL 128.2s | Python 28.6s | total 156.8s
2026-04-27 23:43:34 [ThreadPoolExecutor-0_4] DEBUG   year 2025 day 20250107:  263,925 rows | SQL 141.2s | Python 16.5s | total 157.7s
2026-04-27 23:46:09 [ThreadPoolExecutor-0_3] DEBUG   year 2024 day 20240108:  267,444 rows | SQL 133.1s | Python 20.5s | total 153.6s
2026-04-27 23:46:10 [ThreadPoolExecutor-0_1] DEBUG   year 2022 day 20220107:  269,399 rows | SQL 118.2s | Python 35.1s | total 153.3s
2026-04-27 23:46:10 [ThreadPoolExecutor-0_0] DEBUG   year 2021 day 20210108:  270,963 rows | SQL 117.3s | Python 36.0s | total 153.3s
2026-04-27 23:46:10 [ThreadPoolExecutor-0_4] DEBUG   year 2025 day 20250108:  263,925 rows | SQL 137.5s | Python 16.2s | total 153.8s
2026-04-27 23:46:10 [ThreadPoolExecutor-0_2] DEBUG   year 2023 day 20230109:  267,444 rows | SQL 132.4s | Python 22.0s | total 154.4s
2026-04-27 23:48:47 [ThreadPoolExecutor-0_0] DEBUG   year 2021 day 20210111:  271,354 rows | SQL  95.1s | Python 59.9s | total 155.0s
2026-04-27 23:48:48 [ThreadPoolExecutor-0_2] DEBUG   year 2023 day 20230110:  267,444 rows | SQL 109.5s | Python 45.4s | total 154.9s
2026-04-27 23:48:48 [ThreadPoolExecutor-0_3] DEBUG   year 2024 day 20240109:  267,444 rows | SQL 121.3s | Python 34.6s | total 155.9s
2026-04-27 23:48:49 [ThreadPoolExecutor-0_1] DEBUG   year 2022 day 20220110:  269,790 rows | SQL 130.8s | Python 26.7s | total 157.5s
2026-04-27 23:48:49 [ThreadPoolExecutor-0_4] DEBUG   year 2025 day 20250110:  263,925 rows | SQL 140.7s | Python 17.3s | total 158.0s
2026-04-27 23:51:26 [ThreadPoolExecutor-0_2] DEBUG   year 2023 day 20230111:  267,835 rows | SQL 125.5s | Python 30.6s | total 156.1s
2026-04-27 23:51:27 [ThreadPoolExecutor-0_3] DEBUG   year 2024 day 20240110:  267,444 rows | SQL 133.3s | Python 22.9s | total 156.2s
2026-04-27 23:51:27 [ThreadPoolExecutor-0_1] DEBUG   year 2022 day 20220111:  269,008 rows | SQL 123.5s | Python 32.0s | total 155.5s
2026-04-27 23:51:27 [ThreadPoolExecutor-0_0] DEBUG   year 2021 day 20210112:  270,963 rows | SQL 124.7s | Python 32.6s | total 157.3s
2026-04-27 23:51:28 [ThreadPoolExecutor-0_4] DEBUG   year 2025 day 20250113:  263,534 rows | SQL 140.1s | Python 16.7s | total 156.8s
2026-04-27 23:54:05 [ThreadPoolExecutor-0_1] DEBUG   year 2022 day 20220112:  269,008 rows | SQL 109.4s | Python 45.3s | total 154.7s
2026-04-27 23:54:05 [ThreadPoolExecutor-0_2] DEBUG   year 2023 day 20230112:  267,444 rows | SQL 126.3s | Python 29.8s | total 156.1s
2026-04-27 23:54:05 [ThreadPoolExecutor-0_0] DEBUG   year 2021 day 20210113:  271,354 rows | SQL 117.5s | Python 37.6s | total 155.1s
2026-04-27 23:54:05 [ThreadPoolExecutor-0_4] DEBUG   year 2025 day 20250114:  263,534 rows | SQL 138.8s | Python 16.8s | total 155.6s
2026-04-27 23:54:06 [ThreadPoolExecutor-0_3] DEBUG   year 2024 day 20240111:  267,444 rows | SQL 139.8s | Python 17.1s | total 156.9s
2026-04-27 23:56:40 [ThreadPoolExecutor-0_2] DEBUG   year 2023 day 20230113:  267,835 rows | SQL 105.0s | Python 47.6s | total 152.6s
2026-04-27 23:56:41 [ThreadPoolExecutor-0_3] DEBUG   year 2024 day 20240112:  267,053 rows | SQL 131.1s | Python 21.5s | total 152.7s
2026-04-27 23:56:42 [ThreadPoolExecutor-0_0] DEBUG   year 2021 day 20210114:  271,354 rows | SQL 125.6s | Python 28.6s | total 154.2s
2026-04-27 23:56:42 [ThreadPoolExecutor-0_1] DEBUG   year 2022 day 20220113:  269,790 rows | SQL 117.8s | Python 36.3s | total 154.1s
2026-04-27 23:56:42 [ThreadPoolExecutor-0_4] DEBUG   year 2025 day 20250115:  263,534 rows | SQL 138.0s | Python 16.6s | total 154.7s
2026-04-27 23:59:19 [ThreadPoolExecutor-0_2] DEBUG   year 2023 day 20230117:  267,835 rows | SQL 102.7s | Python 53.3s | total 156.0s
2026-04-27 23:59:20 [ThreadPoolExecutor-0_1] DEBUG   year 2022 day 20220114:  269,790 rows | SQL 119.0s | Python 36.4s | total 155.3s
2026-04-27 23:59:20 [ThreadPoolExecutor-0_0] DEBUG   year 2021 day 20210115:  271,354 rows | SQL 119.8s | Python 36.3s | total 156.1s
2026-04-27 23:59:20 [ThreadPoolExecutor-0_4] DEBUG   year 2025 day 20250116:  263,925 rows | SQL 140.9s | Python 15.5s | total 156.4s
2026-04-27 23:59:20 [ThreadPoolExecutor-0_3] DEBUG   year 2024 day 20240116:  267,053 rows | SQL 137.0s | Python 20.0s | total 157.0s
2026-04-28 00:02:03 [ThreadPoolExecutor-0_2] DEBUG   year 2023 day 20230118:  267,835 rows | SQL 117.5s | Python 43.1s | total 160.6s
2026-04-28 00:02:03 [ThreadPoolExecutor-0_0] DEBUG   year 2021 day 20210119:  271,354 rows | SQL 115.1s | Python 44.9s | total 160.0s
2026-04-28 00:02:03 [ThreadPoolExecutor-0_4] DEBUG   year 2025 day 20250117:  263,534 rows | SQL 144.4s | Python 16.3s | total 160.7s
2026-04-28 00:02:03 [ThreadPoolExecutor-0_3] DEBUG   year 2024 day 20240117:  267,835 rows | SQL 143.6s | Python 17.0s | total 160.6s
2026-04-28 00:02:03 [ThreadPoolExecutor-0_1] DEBUG   year 2022 day 20220118:  269,790 rows | SQL 134.4s | Python 27.4s | total 161.8s
2026-04-28 00:04:45 [ThreadPoolExecutor-0_2] DEBUG   year 2023 day 20230119:  267,444 rows | SQL 104.0s | Python 55.7s | total 159.7s
2026-04-28 00:04:45 [ThreadPoolExecutor-0_0] DEBUG   year 2021 day 20210120:  270,963 rows | SQL 114.7s | Python 45.3s | total 160.0s
2026-04-28 00:04:46 [ThreadPoolExecutor-0_3] DEBUG   year 2024 day 20240118:  267,444 rows | SQL 138.4s | Python 21.8s | total 160.2s
2026-04-28 00:04:46 [ThreadPoolExecutor-0_1] DEBUG   year 2022 day 20220119:  269,399 rows | SQL 127.1s | Python 33.3s | total 160.4s
2026-04-28 00:04:46 [ThreadPoolExecutor-0_4] DEBUG   year 2025 day 20250121:  263,143 rows | SQL 144.9s | Python 16.8s | total 161.7s
2026-04-28 00:07:28 [ThreadPoolExecutor-0_0] DEBUG   year 2021 day 20210121:  271,354 rows | SQL 105.9s | Python 53.3s | total 159.2s
2026-04-28 00:07:28 [ThreadPoolExecutor-0_2] DEBUG   year 2023 day 20230120:  267,444 rows | SQL 113.4s | Python 46.3s | total 159.7s
2026-04-28 00:07:28 [ThreadPoolExecutor-0_3] DEBUG   year 2024 day 20240119:  267,053 rows | SQL 140.7s | Python 19.1s | total 159.8s
2026-04-28 00:07:29 [ThreadPoolExecutor-0_1] DEBUG   year 2022 day 20220120:  269,790 rows | SQL 124.1s | Python 35.7s | total 159.8s
2026-04-28 00:07:29 [ThreadPoolExecutor-0_4] DEBUG   year 2025 day 20250122:  263,534 rows | SQL 145.3s | Python 14.7s | total 160.1s
2026-04-28 00:10:19 [ThreadPoolExecutor-0_0] DEBUG   year 2021 day 20210122:  271,354 rows | SQL 108.0s | Python 60.9s | total 168.8s
2026-04-28 00:10:20 [ThreadPoolExecutor-0_2] DEBUG   year 2023 day 20230123:  268,226 rows | SQL 117.8s | Python 51.5s | total 169.3s
2026-04-28 00:10:20 [ThreadPoolExecutor-0_4] DEBUG   year 2025 day 20250123:  263,534 rows | SQL 137.7s | Python 30.9s | total 168.6s
2026-04-28 00:10:20 [ThreadPoolExecutor-0_3] DEBUG   year 2024 day 20240122:  267,444 rows | SQL 146.2s | Python 23.6s | total 169.7s
2026-04-28 00:10:21 [ThreadPoolExecutor-0_1] DEBUG   year 2022 day 20220121:  269,790 rows | SQL 154.9s | Python 16.3s | total 171.2s
2026-04-28 00:13:20 [ThreadPoolExecutor-0_2] DEBUG   year 2023 day 20230124:  267,835 rows | SQL  82.1s | Python 94.8s | total 177.0s
2026-04-28 00:13:21 [ThreadPoolExecutor-0_4] DEBUG   year 2025 day 20250124:  263,925 rows | SQL 131.2s | Python 47.2s | total 178.4s
2026-04-28 00:13:21 [ThreadPoolExecutor-0_3] DEBUG   year 2024 day 20240123:  267,053 rows | SQL 123.0s | Python 55.4s | total 178.4s
2026-04-28 00:13:22 [ThreadPoolExecutor-0_0] DEBUG   year 2021 day 20210125:  271,354 rows | SQL 143.8s | Python 37.3s | total 181.1s
2026-04-28 00:13:23 [ThreadPoolExecutor-0_1] DEBUG   year 2022 day 20220124:  269,790 rows | SQL 164.7s | Python 15.7s | total 180.3s
2026-04-28 00:16:28 [ThreadPoolExecutor-0_2] DEBUG   year 2023 day 20230125:  267,444 rows | SQL 101.5s | Python 84.3s | total 185.9s
2026-04-28 00:16:29 [ThreadPoolExecutor-0_3] DEBUG   year 2024 day 20240124:  267,444 rows | SQL 139.9s | Python 45.4s | total 185.3s
2026-04-28 00:16:29 [ThreadPoolExecutor-0_0] DEBUG   year 2021 day 20210126:  271,745 rows | SQL 122.3s | Python 62.2s | total 184.5s
2026-04-28 00:16:30 [ThreadPoolExecutor-0_1] DEBUG   year 2022 day 20220125:  269,399 rows | SQL 151.5s | Python 33.7s | total 185.2s
2026-04-28 00:16:31 [ThreadPoolExecutor-0_4] DEBUG   year 2025 day 20250127:  262,752 rows | SQL 172.7s | Python 15.6s | total 188.3s
2026-04-28 00:19:51 [ThreadPoolExecutor-0_2] DEBUG   year 2023 day 20230126:  267,835 rows | SQL  89.1s | Python 111.1s | total 200.3s
2026-04-28 00:19:52 [ThreadPoolExecutor-0_3] DEBUG   year 2024 day 20240125:  267,053 rows | SQL 138.4s | Python 62.3s | total 200.7s
2026-04-28 00:19:53 [ThreadPoolExecutor-0_4] DEBUG   year 2025 day 20250128:  263,143 rows | SQL 169.8s | Python 30.1s | total 199.9s
2026-04-28 00:19:54 [ThreadPoolExecutor-0_1] DEBUG   year 2022 day 20220126:  269,790 rows | SQL 161.0s | Python 40.3s | total 201.3s
2026-04-28 00:19:55 [ThreadPoolExecutor-0_0] DEBUG   year 2021 day 20210127:  271,745 rows | SQL 187.4s | Python 16.3s | total 203.7s
2026-04-28 00:23:08 [ThreadPoolExecutor-0_3] DEBUG   year 2024 day 20240126:  266,662 rows | SQL 134.3s | Python 58.9s | total 193.2s
2026-04-28 00:23:08 [ThreadPoolExecutor-0_2] DEBUG   year 2023 day 20230127:  267,835 rows | SQL 122.6s | Python 72.2s | total 194.8s
2026-04-28 00:23:09 [ThreadPoolExecutor-0_4] DEBUG   year 2025 day 20250129:  263,534 rows | SQL 169.5s | Python 24.5s | total 194.0s
2026-04-28 00:23:10 [ThreadPoolExecutor-0_1] DEBUG   year 2022 day 20220127:  269,790 rows | SQL 169.0s | Python 25.7s | total 194.8s
2026-04-28 00:23:11 [ThreadPoolExecutor-0_0] DEBUG   year 2021 day 20210128:  271,354 rows | SQL 177.9s | Python 16.6s | total 194.6s
2026-04-28 00:26:07 [ThreadPoolExecutor-0_3] DEBUG   year 2024 day 20240129:  267,444 rows | SQL 121.4s | Python 54.5s | total 175.9s
2026-04-28 00:26:07 [ThreadPoolExecutor-0_2] DEBUG   year 2023 day 20230130:  267,444 rows | SQL 100.8s | Python 74.5s | total 175.3s
2026-04-28 00:26:08 [ThreadPoolExecutor-0_4] DEBUG   year 2025 day 20250130:  263,143 rows | SQL 162.0s | Python 14.6s | total 176.6s
2026-04-28 00:26:09 [ThreadPoolExecutor-0_1] DEBUG   year 2022 day 20220128:  269,790 rows | SQL 153.9s | Python 22.4s | total 176.3s
2026-04-28 00:26:09 [ThreadPoolExecutor-0_0] DEBUG   year 2021 day 20210129:  271,745 rows | SQL 154.1s | Python 22.1s | total 176.3s
2026-04-28 00:28:59 [ThreadPoolExecutor-0_2] DEBUG   year 2023 day 20230131:  267,444 rows | SQL 108.3s | Python 60.8s | total 169.1s
2026-04-28 00:28:59 [ThreadPoolExecutor-0_3] DEBUG   year 2024 day 20240130:  267,444 rows | SQL 143.5s | Python 26.3s | total 169.8s
2026-04-28 00:28:59 [ThreadPoolExecutor-0_0] DEBUG   year 2021 day 20210201:  271,745 rows | SQL 125.7s | Python 42.7s | total 168.4s
2026-04-28 00:29:00 [ThreadPoolExecutor-0_1] DEBUG   year 2022 day 20220131:  269,399 rows | SQL 142.8s | Python 26.6s | total 169.5s
2026-04-28 00:29:00 [ThreadPoolExecutor-0_4] DEBUG   year 2025 day 20250131:  263,143 rows | SQL 153.4s | Python 16.9s | total 170.3s
2026-04-28 00:32:10 [ThreadPoolExecutor-0_0] DEBUG   year 2021 day 20210202:  271,354 rows | SQL 130.6s | Python 57.5s | total 188.1s
2026-04-28 00:32:10 [ThreadPoolExecutor-0_1] DEBUG   year 2022 day 20220201:  269,790 rows | SQL 143.8s | Python 43.8s | total 187.6s
2026-04-28 00:32:11 [ThreadPoolExecutor-0_3] DEBUG   year 2024 day 20240131:  266,662 rows | SQL 164.9s | Python 24.3s | total 189.2s
2026-04-28 00:32:11 [ThreadPoolExecutor-0_2] DEBUG   year 2023 day 20230201:  268,226 rows | SQL 154.7s | Python 35.4s | total 190.1s
2026-04-28 00:32:11 [ThreadPoolExecutor-0_4] DEBUG   year 2025 day 20250203:  263,534 rows | SQL 170.7s | Python 18.6s | total 189.3s
2026-04-28 00:35:17 [ThreadPoolExecutor-0_0] DEBUG   year 2021 day 20210203:  271,354 rows | SQL 104.1s | Python 79.6s | total 183.8s
2026-04-28 00:35:18 [ThreadPoolExecutor-0_1] DEBUG   year 2022 day 20220202:  270,572 rows | SQL 139.9s | Python 45.0s | total 184.9s
2026-04-28 00:35:18 [ThreadPoolExecutor-0_4] DEBUG   year 2025 day 20250204:  263,534 rows | SQL 157.4s | Python 27.0s | total 184.4s
2026-04-28 00:35:18 [ThreadPoolExecutor-0_3] DEBUG   year 2024 day 20240201:  265,880 rows | SQL 150.8s | Python 34.1s | total 184.9s
2026-04-28 00:35:19 [ThreadPoolExecutor-0_2] DEBUG   year 2023 day 20230202:  267,835 rows | SQL 166.7s | Python 20.3s | total 187.1s
2026-04-28 00:38:22 [ThreadPoolExecutor-0_0] DEBUG   year 2021 day 20210204:  271,745 rows | SQL 109.9s | Python 72.7s | total 182.7s
2026-04-28 00:38:23 [ThreadPoolExecutor-0_1] DEBUG   year 2022 day 20220203:  270,572 rows | SQL 139.8s | Python 42.9s | total 182.7s
2026-04-28 00:38:23 [ThreadPoolExecutor-0_2] DEBUG   year 2023 day 20230203:  267,835 rows | SQL 148.2s | Python 33.6s | total 181.8s
2026-04-28 00:38:24 [ThreadPoolExecutor-0_3] DEBUG   year 2024 day 20240202:  266,662 rows | SQL 156.4s | Python 26.7s | total 183.1s
2026-04-28 00:38:24 [ThreadPoolExecutor-0_4] DEBUG   year 2025 day 20250205:  263,143 rows | SQL 162.3s | Python 21.5s | total 183.8s
2026-04-28 00:41:18 [ThreadPoolExecutor-0_2] DEBUG   year 2023 day 20230206:  267,835 rows | SQL 124.5s | Python 47.3s | total 171.8s
2026-04-28 00:41:18 [ThreadPoolExecutor-0_0] DEBUG   year 2021 day 20210205:  270,963 rows | SQL 121.3s | Python 51.9s | total 173.2s
2026-04-28 00:41:19 [ThreadPoolExecutor-0_3] DEBUG   year 2024 day 20240205:  267,053 rows | SQL 147.9s | Python 24.8s | total 172.7s
2026-04-28 00:41:19 [ThreadPoolExecutor-0_1] DEBUG   year 2022 day 20220204:  270,572 rows | SQL 140.5s | Python 33.3s | total 173.8s
2026-04-28 00:41:19 [ThreadPoolExecutor-0_4] DEBUG   year 2025 day 20250206:  263,534 rows | SQL 155.8s | Python 18.4s | total 174.2s
2026-04-28 00:44:12 [ThreadPoolExecutor-0_0] DEBUG   year 2021 day 20210208:  271,745 rows | SQL 124.2s | Python 46.4s | total 170.5s
2026-04-28 00:44:12 [ThreadPoolExecutor-0_0] INFO    year 2021:  25/252 days done in  71.3 min  (171.1s/day, ETA 647.4 min)
2026-04-28 00:44:12 [ThreadPoolExecutor-0_1] DEBUG   year 2022 day 20220207:  270,572 rows | SQL 126.8s | Python 43.4s | total 170.3s
2026-04-28 00:44:12 [ThreadPoolExecutor-0_1] INFO    year 2022:  25/251 days done in  71.3 min  (171.1s/day, ETA 644.6 min)
2026-04-28 00:44:12 [ThreadPoolExecutor-0_2] DEBUG   year 2023 day 20230207:  267,835 rows | SQL 137.9s | Python 34.3s | total 172.2s
2026-04-28 00:44:12 [ThreadPoolExecutor-0_2] INFO    year 2023:  25/250 days done in  71.3 min  (171.1s/day, ETA 641.8 min)
2026-04-28 00:44:13 [ThreadPoolExecutor-0_3] DEBUG   year 2024 day 20240206:  267,053 rows | SQL 147.7s | Python 23.9s | total 171.6s
2026-04-28 00:44:13 [ThreadPoolExecutor-0_3] INFO    year 2024:  25/252 days done in  71.3 min  (171.2s/day, ETA 647.5 min)
2026-04-28 00:44:13 [ThreadPoolExecutor-0_4] DEBUG   year 2025 day 20250207:  263,534 rows | SQL 153.9s | Python 18.3s | total 172.2s
2026-04-28 00:44:13 [ThreadPoolExecutor-0_4] INFO    year 2025:  25/250 days done in  71.3 min  (171.2s/day, ETA 641.9 min)
2026-04-28 00:47:01 [ThreadPoolExecutor-0_0] DEBUG   year 2021 day 20210209:  271,354 rows | SQL 115.2s | Python 50.9s | total 166.1s
2026-04-28 00:47:02 [ThreadPoolExecutor-0_2] DEBUG   year 2023 day 20230208:  267,835 rows | SQL 124.3s | Python 42.6s | total 166.8s
2026-04-28 00:47:02 [ThreadPoolExecutor-0_1] DEBUG   year 2022 day 20220208:  270,181 rows | SQL 131.3s | Python 36.1s | total 167.4s
2026-04-28 00:47:02 [ThreadPoolExecutor-0_3] DEBUG   year 2024 day 20240207:  267,444 rows | SQL 148.6s | Python 19.1s | total 167.7s
2026-04-28 00:47:02 [ThreadPoolExecutor-0_4] DEBUG   year 2025 day 20250210:  263,143 rows | SQL 148.8s | Python 18.8s | total 167.6s
2026-04-28 00:49:59 [ThreadPoolExecutor-0_1] DEBUG   year 2022 day 20220209:  270,181 rows | SQL 125.7s | Python 48.4s | total 174.1s
2026-04-28 00:49:59 [ThreadPoolExecutor-0_0] DEBUG   year 2021 day 20210210:  272,136 rows | SQL 142.3s | Python 33.5s | total 175.8s
2026-04-28 00:49:59 [ThreadPoolExecutor-0_2] DEBUG   year 2023 day 20230209:  268,226 rows | SQL 140.8s | Python 34.2s | total 175.0s
2026-04-28 00:49:59 [ThreadPoolExecutor-0_4] DEBUG   year 2025 day 20250211:  263,143 rows | SQL 156.7s | Python 18.5s | total 175.2s
2026-04-28 00:50:00 [ThreadPoolExecutor-0_3] DEBUG   year 2024 day 20240208:  266,662 rows | SQL 151.0s | Python 23.9s | total 174.9s
2026-04-28 00:52:52 [ThreadPoolExecutor-0_2] DEBUG   year 2023 day 20230210:  267,835 rows | SQL 122.4s | Python 48.0s | total 170.4s
2026-04-28 00:52:52 [ThreadPoolExecutor-0_0] DEBUG   year 2021 day 20210211:  272,136 rows | SQL 122.7s | Python 47.9s | total 170.6s
2026-04-28 00:52:53 [ThreadPoolExecutor-0_3] DEBUG   year 2024 day 20240209:  266,662 rows | SQL 139.8s | Python 31.0s | total 170.8s
2026-04-28 00:52:53 [ThreadPoolExecutor-0_4] DEBUG   year 2025 day 20250212:  262,752 rows | SQL 153.0s | Python 19.2s | total 172.2s
2026-04-28 00:52:54 [ThreadPoolExecutor-0_1] DEBUG   year 2022 day 20220210:  269,790 rows | SQL 148.5s | Python 25.0s | total 173.5s
2026-04-28 00:55:37 [ThreadPoolExecutor-0_2] DEBUG   year 2023 day 20230213:  267,835 rows | SQL 100.5s | Python 61.8s | total 162.3s
2026-04-28 00:55:37 [ThreadPoolExecutor-0_0] DEBUG   year 2021 day 20210212:  272,527 rows | SQL  99.2s | Python 62.7s | total 161.9s
2026-04-28 00:55:38 [ThreadPoolExecutor-0_3] DEBUG   year 2024 day 20240212:  267,053 rows | SQL 126.3s | Python 36.6s | total 162.9s
2026-04-28 00:55:39 [ThreadPoolExecutor-0_4] DEBUG   year 2025 day 20250213:  263,534 rows | SQL 145.2s | Python 18.5s | total 163.8s
2026-04-28 00:55:39 [ThreadPoolExecutor-0_1] DEBUG   year 2022 day 20220211:  270,572 rows | SQL 139.3s | Python 24.6s | total 163.9s
2026-04-28 00:58:32 [ThreadPoolExecutor-0_2] DEBUG   year 2023 day 20230214:  267,444 rows | SQL 103.8s | Python 68.5s | total 172.4s
2026-04-28 00:58:33 [ThreadPoolExecutor-0_0] DEBUG   year 2021 day 20210216:  272,136 rows | SQL 119.9s | Python 53.2s | total 173.1s
2026-04-28 00:58:33 [ThreadPoolExecutor-0_4] DEBUG   year 2025 day 20250214:  263,143 rows | SQL 146.5s | Python 25.9s | total 172.3s
2026-04-28 00:58:33 [ThreadPoolExecutor-0_1] DEBUG   year 2022 day 20220214:  269,790 rows | SQL 135.8s | Python 36.4s | total 172.2s
2026-04-28 00:58:34 [ThreadPoolExecutor-0_3] DEBUG   year 2024 day 20240213:  267,444 rows | SQL 152.7s | Python 21.9s | total 174.6s
2026-04-28 01:01:21 [ThreadPoolExecutor-0_2] DEBUG   year 2023 day 20230215:  267,835 rows | SQL 105.5s | Python 61.3s | total 166.7s
2026-04-28 01:01:22 [ThreadPoolExecutor-0_0] DEBUG   year 2021 day 20210217:  272,527 rows | SQL 119.0s | Python 48.2s | total 167.1s
2026-04-28 01:01:23 [ThreadPoolExecutor-0_3] DEBUG   year 2024 day 20240214:  266,662 rows | SQL 138.5s | Python 28.0s | total 166.4s
2026-04-28 01:01:23 [ThreadPoolExecutor-0_1] DEBUG   year 2022 day 20220215:  269,790 rows | SQL 125.3s | Python 42.1s | total 167.5s
2026-04-28 01:01:23 [ThreadPoolExecutor-0_4] DEBUG   year 2025 day 20250218:  263,925 rows | SQL 147.9s | Python 20.8s | total 168.7s
2026-04-28 01:04:19 [ThreadPoolExecutor-0_2] DEBUG   year 2023 day 20230216:  267,835 rows | SQL 132.5s | Python 42.2s | total 174.7s
2026-04-28 01:04:19 [ThreadPoolExecutor-0_1] DEBUG   year 2022 day 20220216:  269,399 rows | SQL 120.9s | Python 52.4s | total 173.3s
2026-04-28 01:04:19 [ThreadPoolExecutor-0_0] DEBUG   year 2021 day 20210218:  272,136 rows | SQL 131.0s | Python 43.4s | total 174.4s
2026-04-28 01:04:20 [ThreadPoolExecutor-0_3] DEBUG   year 2024 day 20240215:  266,662 rows | SQL 147.9s | Python 27.3s | total 175.2s
2026-04-28 01:04:20 [ThreadPoolExecutor-0_4] DEBUG   year 2025 day 20250219:  263,925 rows | SQL 153.6s | Python 21.5s | total 175.1s
2026-04-28 01:07:11 [ThreadPoolExecutor-0_2] DEBUG   year 2023 day 20230217:  267,444 rows | SQL 123.0s | Python 47.0s | total 170.0s
2026-04-28 01:07:12 [ThreadPoolExecutor-0_3] DEBUG   year 2024 day 20240216:  266,662 rows | SQL 142.0s | Python 28.0s | total 170.0s
2026-04-28 01:07:12 [ThreadPoolExecutor-0_1] DEBUG   year 2022 day 20220217:  270,181 rows | SQL 133.3s | Python 37.2s | total 170.5s
2026-04-28 01:07:12 [ThreadPoolExecutor-0_0] DEBUG   year 2021 day 20210219:  272,136 rows | SQL 121.1s | Python 48.8s | total 169.8s
2026-04-28 01:07:13 [ThreadPoolExecutor-0_4] DEBUG   year 2025 day 20250220:  263,534 rows | SQL 151.5s | Python 20.2s | total 171.8s
2026-04-28 01:10:11 [ThreadPoolExecutor-0_2] DEBUG   year 2023 day 20230221:  267,835 rows | SQL 108.8s | Python 68.1s | total 176.9s
2026-04-28 01:10:12 [ThreadPoolExecutor-0_3] DEBUG   year 2024 day 20240220:  266,662 rows | SQL 149.1s | Python 28.4s | total 177.4s
2026-04-28 01:10:12 [ThreadPoolExecutor-0_1] DEBUG   year 2022 day 20220218:  269,790 rows | SQL 133.8s | Python 43.4s | total 177.2s
2026-04-28 01:10:12 [ThreadPoolExecutor-0_0] DEBUG   year 2021 day 20210222:  272,527 rows | SQL 141.7s | Python 36.2s | total 177.9s
2026-04-28 01:10:13 [ThreadPoolExecutor-0_4] DEBUG   year 2025 day 20250221:  263,925 rows | SQL 159.1s | Python 19.2s | total 178.3s
2026-04-28 01:13:12 [ThreadPoolExecutor-0_2] DEBUG   year 2023 day 20230222:  267,835 rows | SQL 103.4s | Python 75.0s | total 178.4s
2026-04-28 01:13:12 [ThreadPoolExecutor-0_3] DEBUG   year 2024 day 20240221:  266,271 rows | SQL 123.7s | Python 54.2s | total 177.9s
2026-04-28 01:13:14 [ThreadPoolExecutor-0_1] DEBUG   year 2022 day 20220222:  270,181 rows | SQL 138.9s | Python 40.8s | total 179.7s
2026-04-28 01:13:14 [ThreadPoolExecutor-0_4] DEBUG   year 2025 day 20250224:  263,925 rows | SQL 161.1s | Python 18.5s | total 179.6s
2026-04-28 01:13:14 [ThreadPoolExecutor-0_0] DEBUG   year 2021 day 20210223:  272,527 rows | SQL 155.5s | Python 25.2s | total 180.6s
2026-04-28 01:16:14 [ThreadPoolExecutor-0_2] DEBUG   year 2023 day 20230223:  267,444 rows | SQL 104.7s | Python 75.1s | total 179.8s
2026-04-28 01:16:15 [ThreadPoolExecutor-0_3] DEBUG   year 2024 day 20240222:  266,662 rows | SQL 146.6s | Python 34.1s | total 180.7s
2026-04-28 01:16:16 [ThreadPoolExecutor-0_1] DEBUG   year 2022 day 20220223:  270,181 rows | SQL 138.8s | Python 40.9s | total 179.7s
2026-04-28 01:16:16 [ThreadPoolExecutor-0_0] DEBUG   year 2021 day 20210224:  272,527 rows | SQL 145.1s | Python 34.8s | total 179.9s
2026-04-28 01:16:17 [ThreadPoolExecutor-0_4] DEBUG   year 2025 day 20250225:  264,316 rows | SQL 161.7s | Python 19.6s | total 181.3s
2026-04-28 01:19:24 [ThreadPoolExecutor-0_2] DEBUG   year 2023 day 20230224:  267,053 rows | SQL  88.1s | Python 99.8s | total 188.0s
2026-04-28 01:19:25 [ThreadPoolExecutor-0_3] DEBUG   year 2024 day 20240223:  266,271 rows | SQL 112.2s | Python 74.7s | total 186.9s
2026-04-28 01:19:26 [ThreadPoolExecutor-0_4] DEBUG   year 2025 day 20250226:  264,316 rows | SQL 153.9s | Python 33.4s | total 187.4s
2026-04-28 01:19:27 [ThreadPoolExecutor-0_0] DEBUG   year 2021 day 20210225:  272,136 rows | SQL 156.5s | Python 32.5s | total 188.9s
2026-04-28 01:19:28 [ThreadPoolExecutor-0_1] DEBUG   year 2022 day 20220224:  270,181 rows | SQL 170.7s | Python 19.8s | total 190.5s
